<?xml version="1.0" encoding="UTF-8"?>
<!-- Generated by org.testng.reporters.JUnitReportReporter -->
<testsuite name="com.webappsecurity.zero.TestScript.VerifyFundTransferTest" tests="1" time="8.064" ignored="0" failures="0" timestamp="15 Oct 2020 16:00:02 GMT" skipped="0" hostname="MCTLAP-003" errors="0">
  <testcase name="verifyFundTransfer" time="8.064" classname="com.webappsecurity.zero.TestScript.VerifyFundTransferTest"/>
</testsuite> <!-- com.webappsecurity.zero.TestScript.VerifyFundTransferTest -->
